2025-03-10 20:20:35,463 [INFO] Activator:176 - 


2025-03-10 20:20:35,470 [INFO] Activator:177 - !SESSION log4j initialized
2025-03-10 20:20:43,296 [INFO] LogOutputStream:77 - [STDOUT_REDIRECT] 
2025-03-10 20:20:48,456 [INFO] ApplicationProperties:184 - Using Application install path: C:\ST\STM32CubeIDE_1.18.0\STM32CubeIDE\plugins\com.st.stm32cube.common.mx_6.14.0.202502271554
2025-03-10 20:20:48,492 [INFO] DbMcusXml:78 - Set database path to: C:\ST\STM32CubeIDE_1.18.0\STM32CubeIDE\plugins\com.st.stm32cube.common.mx_6.14.0.202502271554\\db\/mcu/
2025-03-10 20:20:48,493 [INFO] ApiDb:274 - Set plugin database path to: C:\ST\STM32CubeIDE_1.18.0\STM32CubeIDE\plugins\com.st.stm32cube.common.mx_6.14.0.202502271554\\db\/plugins/boardmanager/
2025-03-10 20:20:48,494 [WARN] ApiDb:259 - Overriding images path with different value:  => C:\ST\STM32CubeIDE_1.18.0\STM32CubeIDE\plugins\com.st.stm32cube.common.mx_6.14.0.202502271554\\db\/plugins/mcufinder/images/
2025-03-10 20:20:48,506 [INFO] ApiDb:250 - Set database path to: C:\Users\admin\.stmcufinder\plugins\mcufinder//mcu/
2025-03-10 20:20:48,509 [INFO] DbMcusAds:125 - Set database path to: C:\Users\admin\.stmcufinder\plugins\mcufinder//mcu/
2025-03-10 20:20:48,514 [INFO] CrossReferenceDbSqlite:203 - Set database path to: C:\Users\admin\.stmcufinder\plugins\mcufinder//mcu/cs/
2025-03-10 20:20:48,794 [INFO] RulesReader:64 - Compatibility file has been processed (301 Rules)
2025-03-10 20:20:49,016 [INFO] DbMcusXml:78 - Set database path to: C:\ST\STM32CubeIDE_1.18.0\STM32CubeIDE\plugins\com.st.stm32cube.common.mx_6.14.0.202502271554\\db\/mcu/
2025-03-10 20:20:49,016 [INFO] ApiDb:274 - Set plugin database path to: C:\ST\STM32CubeIDE_1.18.0\STM32CubeIDE\plugins\com.st.stm32cube.common.mx_6.14.0.202502271554\\db\/plugins/boardmanager/
2025-03-10 20:20:49,017 [INFO] ApiDb:261 - Set plugin images path to: C:\ST\STM32CubeIDE_1.18.0\STM32CubeIDE\plugins\com.st.stm32cube.common.mx_6.14.0.202502271554\\db\/plugins/mcufinder/images/
2025-03-10 20:20:49,017 [WARN] DbFile:41 - Overriding database path with different value: C:\Users\admin\.stmcufinder\plugins\mcufinder/ => C:\Users\admin\.stmcufinder\plugins\mcufinder
2025-03-10 20:20:49,017 [INFO] ApiDb:250 - Set database path to: C:\Users\admin\.stmcufinder\plugins\mcufinder//mcu/
2025-03-10 20:20:49,018 [WARN] DbFile:41 - Overriding database path with different value: C:\Users\admin\.stmcufinder\plugins\mcufinder/ => C:\Users\admin\.stmcufinder\plugins\mcufinder
2025-03-10 20:20:49,018 [INFO] DbMcusAds:125 - Set database path to: C:\Users\admin\.stmcufinder\plugins\mcufinder//mcu/
2025-03-10 20:20:49,018 [WARN] DbFile:41 - Overriding database path with different value: C:\Users\admin\.stmcufinder\plugins\mcufinder/ => C:\Users\admin\.stmcufinder\plugins\mcufinder
2025-03-10 20:20:49,018 [WARN] DbFile:41 - Overriding database path with different value: C:\Users\admin\.stmcufinder\plugins\mcufinder/ => C:\Users\admin\.stmcufinder\plugins\mcufinder
2025-03-10 20:20:49,018 [INFO] CrossReferenceDbSqlite:203 - Set database path to: C:\Users\admin\.stmcufinder\plugins\mcufinder//mcu/cs/
2025-03-10 20:20:49,241 [INFO] MainPanel:272 - HeapMemory: 268435456
2025-03-10 20:20:49,654 [INFO] DbMcusXml:78 - Set database path to: C:\ST\STM32CubeIDE_1.18.0\STM32CubeIDE\plugins\com.st.stm32cube.common.mx_6.14.0.202502271554\\db\/mcu/
2025-03-10 20:20:49,654 [INFO] ApiDb:274 - Set plugin database path to: C:\ST\STM32CubeIDE_1.18.0\STM32CubeIDE\plugins\com.st.stm32cube.common.mx_6.14.0.202502271554\\db\/plugins/boardmanager/
2025-03-10 20:20:49,654 [INFO] ApiDb:261 - Set plugin images path to: C:\ST\STM32CubeIDE_1.18.0\STM32CubeIDE\plugins\com.st.stm32cube.common.mx_6.14.0.202502271554\\db\/plugins/mcufinder/images/
2025-03-10 20:20:49,655 [WARN] DbFile:41 - Overriding database path with different value: C:\Users\admin\.stmcufinder\plugins\mcufinder/ => C:\Users\admin\.stmcufinder\plugins\mcufinder
2025-03-10 20:20:49,655 [INFO] ApiDb:250 - Set database path to: C:\Users\admin\.stmcufinder\plugins\mcufinder//mcu/
2025-03-10 20:20:49,655 [WARN] DbFile:41 - Overriding database path with different value: C:\Users\admin\.stmcufinder\plugins\mcufinder/ => C:\Users\admin\.stmcufinder\plugins\mcufinder
2025-03-10 20:20:49,656 [INFO] DbMcusAds:125 - Set database path to: C:\Users\admin\.stmcufinder\plugins\mcufinder//mcu/
2025-03-10 20:20:49,656 [WARN] DbFile:41 - Overriding database path with different value: C:\Users\admin\.stmcufinder\plugins\mcufinder/ => C:\Users\admin\.stmcufinder\plugins\mcufinder
2025-03-10 20:20:49,656 [WARN] DbFile:41 - Overriding database path with different value: C:\Users\admin\.stmcufinder\plugins\mcufinder/ => C:\Users\admin\.stmcufinder\plugins\mcufinder
2025-03-10 20:20:49,657 [INFO] CrossReferenceDbSqlite:203 - Set database path to: C:\Users\admin\.stmcufinder\plugins\mcufinder//mcu/cs/
2025-03-10 20:20:49,731 [INFO] ApplicationProperties:184 - Using Application install path: C:\ST\STM32CubeIDE_1.18.0\STM32CubeIDE\plugins\com.st.stm32cube.common.mx_6.14.0.202502271554
2025-03-10 20:20:49,737 [INFO] PluginManage:196 - Search for loadable plugins [exclusion list=, ]
2025-03-10 20:20:49,741 [INFO] PluginManage:310 - Check plugin analytics
2025-03-10 20:20:50,789 [INFO] AnalyticsPlugin:253 - Accepted Software Licenses: 
2025-03-10 20:20:50,790 [INFO] AnalyticsPlugin:255 - Accepted CMSIS Pack Licenses: 
2025-03-10 20:20:50,790 [INFO] AnalyticsPlugin:257 - Accepted Firmware Licenses: 
2025-03-10 20:20:50,809 [INFO] PluginManage:359 - Loaded plugin analytics (category:tool,tabindex:-1)
2025-03-10 20:20:50,810 [INFO] PluginManage:310 - Check plugin cadmodel
2025-03-10 20:20:50,829 [INFO] CADModel:105 - Init CAD model plugin
2025-03-10 20:20:50,830 [INFO] PluginManage:359 - Loaded plugin cadmodel (category:power,tabindex:5)
2025-03-10 20:20:50,830 [INFO] PluginManage:310 - Check plugin clock
2025-03-10 20:20:50,855 [INFO] PluginManage:359 - Loaded plugin clock (category:base,tabindex:2)
2025-03-10 20:20:50,855 [INFO] PluginManage:310 - Check plugin ddr
2025-03-10 20:20:50,862 [INFO] PluginManage:359 - Loaded plugin ddr (category:tool,tabindex:6)
2025-03-10 20:20:50,862 [INFO] PluginManage:310 - Check plugin filemanager
2025-03-10 20:20:51,296 [INFO] PluginManage:359 - Loaded plugin filemanager (category:base,tabindex:10)
2025-03-10 20:20:51,296 [INFO] PluginManage:310 - Check plugin ipmanager
2025-03-10 20:20:51,311 [INFO] PluginManage:359 - Loaded plugin ipmanager (category:base,tabindex:5)
2025-03-10 20:20:51,312 [INFO] PluginManage:310 - Check plugin lpbam
2025-03-10 20:20:51,333 [INFO] PluginManage:359 - Loaded plugin lpbam (category:base,tabindex:0)
2025-03-10 20:20:51,334 [INFO] PluginManage:310 - Check plugin memorymap
2025-03-10 20:20:51,367 [INFO] PluginManage:359 - Loaded plugin memorymap (category:base,tabindex:4)
2025-03-10 20:20:51,367 [INFO] PluginManage:310 - Check plugin pinoutandconfiguration
2025-03-10 20:20:51,392 [INFO] PluginManage:359 - Loaded plugin pinoutandconfiguration (category:base,tabindex:1)
2025-03-10 20:20:51,392 [INFO] PluginManage:310 - Check plugin pinoutconfig
2025-03-10 20:20:51,635 [WARN] SupportedApi:132 - Cannot load RTOS API schema: s4s-elt-must-match.1: The content of 'definitions' must match (annotation?, (simpleType | complexType)?, (unique | key | keyref)*)). A problem was found starting at: attribute.
2025-03-10 20:20:51,959 [INFO] PluginManage:359 - Loaded plugin pinoutconfig (category:base,tabindex:0)
2025-03-10 20:20:51,960 [INFO] PluginManage:310 - Check plugin power
2025-03-10 20:20:51,989 [INFO] PluginManage:359 - Loaded plugin power (category:power,tabindex:4)
2025-03-10 20:20:51,990 [INFO] PluginManage:310 - Check plugin projectmanager
2025-03-10 20:20:52,033 [INFO] PluginManage:359 - Loaded plugin projectmanager (category:projectmanager,tabindex:4)
2025-03-10 20:20:52,034 [INFO] PluginManage:310 - Check plugin rif
2025-03-10 20:20:52,108 [INFO] PluginManage:359 - Loaded plugin rif (category:base,tabindex:3)
2025-03-10 20:20:52,108 [INFO] PluginManage:310 - Check plugin thirdparty
2025-03-10 20:20:52,469 [INFO] PluginManage:359 - Loaded plugin thirdparty (category:base,tabindex:-1)
2025-03-10 20:20:52,470 [INFO] PluginManage:310 - Check plugin tools
2025-03-10 20:20:52,469 [WARN] IntegrityCheckThread:84 - waiting for thirdparty lock release [integrity check]
2025-03-10 20:20:52,470 [INFO] IntegrityCheckThread:86 - entering critical section [integrity check]
2025-03-10 20:20:52,470 [INFO] ThirdPartyUpdaterWithRetryManager:70 - Updater plugin not ready yet. [1/15]
2025-03-10 20:20:52,476 [INFO] PluginManage:359 - Loaded plugin tools (category:base,tabindex:7)
2025-03-10 20:20:52,476 [INFO] PluginManage:310 - Check plugin tutovideos
2025-03-10 20:20:52,869 [INFO] PluginManage:359 - Loaded plugin tutovideos (category:base,tabindex:-1)
2025-03-10 20:20:52,869 [INFO] PluginManage:310 - Check plugin updater
2025-03-10 20:20:52,932 [INFO] PluginManage:359 - Loaded plugin updater (category:base,tabindex:12)
2025-03-10 20:20:52,932 [INFO] PluginManage:310 - Check plugin userauth
2025-03-10 20:20:52,942 [INFO] UserAuth:118 - Init User Auth plugin
2025-03-10 20:20:52,943 [INFO] PluginManage:359 - Loaded plugin userauth (category:base,tabindex:14)
2025-03-10 20:20:52,946 [INFO] PluginManage:283 - PluginManage : Loaded plugins [18]
2025-03-10 20:20:53,461 [INFO] PinOutPanel:1589 - setPackage(No Configuration,No Configuration)
2025-03-10 20:20:53,797 [INFO] CADModel:165 - CPN selected for project level
2025-03-10 20:20:53,797 [INFO] CADModel:114 - Register for checkConnection events
2025-03-10 20:20:53,841 [INFO] IPUIPlugin:80 - create IPUIPlugin
2025-03-10 20:20:53,841 [INFO] PluginManager:220 - loadIPPluginJar : add adc
2025-03-10 20:20:53,847 [INFO] IPUIPlugin:80 - create IPUIPlugin
2025-03-10 20:20:53,847 [INFO] PluginManager:220 - loadIPPluginJar : add aes
2025-03-10 20:20:53,854 [INFO] IPUIPlugin:80 - create IPUIPlugin
2025-03-10 20:20:53,854 [INFO] PluginManager:220 - loadIPPluginJar : add can
2025-03-10 20:20:53,858 [INFO] IPUIPlugin:80 - create IPUIPlugin
2025-03-10 20:20:53,859 [INFO] PluginManager:220 - loadIPPluginJar : add comp
2025-03-10 20:20:53,864 [INFO] IPUIPlugin:80 - create IPUIPlugin
2025-03-10 20:20:53,865 [INFO] PluginManager:220 - loadIPPluginJar : add cryp
2025-03-10 20:20:54,116 [INFO] IPUIPlugin:80 - create IPUIPlugin
2025-03-10 20:20:54,117 [INFO] PluginManager:220 - loadIPPluginJar : add ddr_ctrl_phy
2025-03-10 20:20:54,124 [INFO] IPUIPlugin:80 - create IPUIPlugin
2025-03-10 20:20:54,125 [INFO] PluginManager:220 - loadIPPluginJar : add dfsdm
2025-03-10 20:20:54,137 [INFO] IPUIPlugin:80 - create IPUIPlugin
2025-03-10 20:20:54,139 [INFO] PluginManager:220 - loadIPPluginJar : add dma
2025-03-10 20:20:54,145 [INFO] IPUIPlugin:80 - create IPUIPlugin
2025-03-10 20:20:54,147 [INFO] PluginManager:220 - loadIPPluginJar : add dma3
2025-03-10 20:20:54,155 [INFO] IPUIPlugin:80 - create IPUIPlugin
2025-03-10 20:20:54,156 [INFO] PluginManager:220 - loadIPPluginJar : add extmemmanager
2025-03-10 20:20:54,161 [INFO] IPUIPlugin:80 - create IPUIPlugin
2025-03-10 20:20:54,161 [INFO] PluginManager:220 - loadIPPluginJar : add fatfs
2025-03-10 20:20:54,178 [INFO] IPUIPlugin:80 - create IPUIPlugin
2025-03-10 20:20:54,178 [INFO] PluginManager:220 - loadIPPluginJar : add fmc
2025-03-10 20:20:54,195 [INFO] IPUIPlugin:80 - create IPUIPlugin
2025-03-10 20:20:54,196 [INFO] PluginManager:220 - loadIPPluginJar : add freertos
2025-03-10 20:20:54,199 [INFO] IPUIPlugin:80 - create IPUIPlugin
2025-03-10 20:20:54,200 [INFO] PluginManager:220 - loadIPPluginJar : add genericplugin
2025-03-10 20:20:54,208 [INFO] IPUIPlugin:80 - create IPUIPlugin
2025-03-10 20:20:54,209 [INFO] PluginManager:220 - loadIPPluginJar : add gfxmmu
2025-03-10 20:20:54,221 [INFO] IPUIPlugin:80 - create IPUIPlugin
2025-03-10 20:20:54,222 [INFO] PluginManager:220 - loadIPPluginJar : add gic
2025-03-10 20:20:54,230 [INFO] IPUIPlugin:80 - create IPUIPlugin
2025-03-10 20:20:54,230 [INFO] PluginManager:220 - loadIPPluginJar : add gpio
2025-03-10 20:20:54,236 [INFO] IPUIPlugin:80 - create IPUIPlugin
2025-03-10 20:20:54,237 [INFO] PluginManager:220 - loadIPPluginJar : add gtzc
2025-03-10 20:20:54,243 [INFO] IPUIPlugin:80 - create IPUIPlugin
2025-03-10 20:20:54,243 [INFO] PluginManager:220 - loadIPPluginJar : add hash
2025-03-10 20:20:54,252 [INFO] IPUIPlugin:80 - create IPUIPlugin
2025-03-10 20:20:54,252 [INFO] PluginManager:220 - loadIPPluginJar : add i2c
2025-03-10 20:20:54,259 [INFO] IPUIPlugin:80 - create IPUIPlugin
2025-03-10 20:20:54,259 [INFO] PluginManager:220 - loadIPPluginJar : add i2s
2025-03-10 20:20:54,265 [INFO] IPUIPlugin:80 - create IPUIPlugin
2025-03-10 20:20:54,266 [INFO] PluginManager:220 - loadIPPluginJar : add i3c
2025-03-10 20:20:54,277 [INFO] IPUIPlugin:80 - create IPUIPlugin
2025-03-10 20:20:54,278 [INFO] PluginManager:220 - loadIPPluginJar : add ipddr
2025-03-10 20:20:54,294 [INFO] IPUIPlugin:80 - create IPUIPlugin
2025-03-10 20:20:54,294 [INFO] PluginManager:220 - loadIPPluginJar : add linkedlist
2025-03-10 20:20:54,301 [INFO] IPUIPlugin:80 - create IPUIPlugin
2025-03-10 20:20:54,301 [INFO] PluginManager:220 - loadIPPluginJar : add lorawan
2025-03-10 20:20:54,307 [INFO] IPUIPlugin:80 - create IPUIPlugin
2025-03-10 20:20:54,307 [INFO] PluginManager:220 - loadIPPluginJar : add ltdc
2025-03-10 20:20:54,327 [INFO] IPUIPlugin:80 - create IPUIPlugin
2025-03-10 20:20:54,327 [INFO] PluginManager:220 - loadIPPluginJar : add mdma
2025-03-10 20:20:54,336 [INFO] IPUIPlugin:80 - create IPUIPlugin
2025-03-10 20:20:54,337 [INFO] PluginManager:220 - loadIPPluginJar : add nvic
2025-03-10 20:20:54,344 [INFO] IPUIPlugin:80 - create IPUIPlugin
2025-03-10 20:20:54,345 [INFO] PluginManager:220 - loadIPPluginJar : add opamp
2025-03-10 20:20:54,353 [INFO] IPUIPlugin:80 - create IPUIPlugin
2025-03-10 20:20:54,353 [INFO] PluginManager:220 - loadIPPluginJar : add openamp
2025-03-10 20:20:54,362 [INFO] IPUIPlugin:80 - create IPUIPlugin
2025-03-10 20:20:54,363 [INFO] PluginManager:220 - loadIPPluginJar : add pdm2pcm
2025-03-10 20:20:54,378 [INFO] IPUIPlugin:80 - create IPUIPlugin
2025-03-10 20:20:54,385 [INFO] PluginManager:220 - loadIPPluginJar : add plateformsettings
2025-03-10 20:20:54,395 [INFO] IPUIPlugin:80 - create IPUIPlugin
2025-03-10 20:20:54,398 [INFO] PluginManager:220 - loadIPPluginJar : add quadspi
2025-03-10 20:20:54,404 [INFO] IPUIPlugin:80 - create IPUIPlugin
2025-03-10 20:20:54,405 [INFO] PluginManager:220 - loadIPPluginJar : add radio
2025-03-10 20:20:54,412 [INFO] IPUIPlugin:80 - create IPUIPlugin
2025-03-10 20:20:54,413 [INFO] PluginManager:220 - loadIPPluginJar : add resmgrutility
2025-03-10 20:20:54,421 [INFO] IPUIPlugin:80 - create IPUIPlugin
2025-03-10 20:20:54,421 [INFO] PluginManager:220 - loadIPPluginJar : add sai
2025-03-10 20:20:54,440 [INFO] IPUIPlugin:80 - create IPUIPlugin
2025-03-10 20:20:54,441 [INFO] PluginManager:220 - loadIPPluginJar : add spi
2025-03-10 20:20:54,456 [INFO] IPUIPlugin:80 - create IPUIPlugin
2025-03-10 20:20:54,456 [INFO] PluginManager:220 - loadIPPluginJar : add stm32_wpan
2025-03-10 20:20:54,460 [INFO] IPUIPlugin:80 - create IPUIPlugin
2025-03-10 20:20:54,460 [INFO] PluginManager:220 - loadIPPluginJar : add tim
2025-03-10 20:20:54,468 [INFO] IPUIPlugin:80 - create IPUIPlugin
2025-03-10 20:20:54,469 [INFO] PluginManager:220 - loadIPPluginJar : add touchsensing
2025-03-10 20:20:54,477 [INFO] IPUIPlugin:80 - create IPUIPlugin
2025-03-10 20:20:54,477 [INFO] PluginManager:220 - loadIPPluginJar : add tracer_emb
2025-03-10 20:20:54,481 [INFO] IPUIPlugin:80 - create IPUIPlugin
2025-03-10 20:20:54,482 [INFO] PluginManager:220 - loadIPPluginJar : add ts
2025-03-10 20:20:54,484 [INFO] IPUIPlugin:80 - create IPUIPlugin
2025-03-10 20:20:54,484 [INFO] PluginManager:220 - loadIPPluginJar : add tsc
2025-03-10 20:20:54,490 [INFO] IPUIPlugin:80 - create IPUIPlugin
2025-03-10 20:20:54,491 [INFO] PluginManager:220 - loadIPPluginJar : add ucpd
2025-03-10 20:20:54,499 [INFO] IPUIPlugin:80 - create IPUIPlugin
2025-03-10 20:20:54,499 [INFO] PluginManager:220 - loadIPPluginJar : add usart
2025-03-10 20:20:54,509 [INFO] IPUIPlugin:80 - create IPUIPlugin
2025-03-10 20:20:54,510 [INFO] PluginManager:220 - loadIPPluginJar : add usbx
2025-03-10 20:20:54,901 [FATAL] Updater:351 - Updater called before beeing initialized
2025-03-10 20:20:55,042 [INFO] RulesReader:64 - Compatibility file has been processed (301 Rules)
2025-03-10 20:20:55,116 [INFO] RulesReader:64 - Compatibility file has been processed (301 Rules)
2025-03-10 20:20:55,156 [INFO] CADModel:165 - CPN selected for project level
2025-03-10 20:20:55,157 [INFO] CADModel:114 - Register for checkConnection events
2025-03-10 20:20:55,157 [FATAL] Updater:351 - Updater called before beeing initialized
2025-03-10 20:20:55,158 [ERROR] CADModel:125 - Updater not yet initialized, retry later 
2025-03-10 20:20:55,477 [INFO] ThirdPartyUpdaterWithRetryManager:70 - Updater plugin not ready yet. [2/15]
2025-03-10 20:20:55,622 [FATAL] Updater:351 - Updater called before beeing initialized
2025-03-10 20:20:55,629 [INFO] CADModel:165 - CPN selected for project level
2025-03-10 20:20:55,629 [INFO] CADModel:114 - Register for checkConnection events
2025-03-10 20:20:55,629 [FATAL] Updater:351 - Updater called before beeing initialized
2025-03-10 20:20:55,629 [ERROR] CADModel:125 - Updater not yet initialized, retry later 
2025-03-10 20:20:55,635 [FATAL] Updater:351 - Updater called before beeing initialized
2025-03-10 20:20:55,997 [FATAL] Updater:351 - Updater called before beeing initialized
2025-03-10 20:20:56,012 [INFO] DbMcusAds:53 - JSON generation date=Tue Dec 17 18:01:15 IST 2024 (1734451275143)
2025-03-10 20:20:56,012 [FATAL] Updater:351 - Updater called before beeing initialized
2025-03-10 20:20:56,304 [WARN] DetailPanel:346 - Failed to get advertising image, set to default
2025-03-10 20:20:57,898 [FATAL] Updater:351 - Updater called before beeing initialized
2025-03-10 20:20:57,905 [FATAL] Updater:351 - Updater called before beeing initialized
2025-03-10 20:20:57,905 [FATAL] Updater:351 - Updater called before beeing initialized
2025-03-10 20:20:57,906 [WARN] DetailPanel:346 - Failed to get advertising image, set to default
2025-03-10 20:20:57,908 [FATAL] Updater:351 - Updater called before beeing initialized
2025-03-10 20:20:58,090 [ERROR] Updater:1198 - MainUpdater not yet initialized. External WinMGr cannot be set.
2025-03-10 20:20:58,095 [INFO] Updater:1134 - Updater Version found : 6.14.0
2025-03-10 20:20:58,147 [INFO] ApplicationProperties:184 - Using Application install path: C:\ST\STM32CubeIDE_1.18.0\STM32CubeIDE\plugins\com.st.stm32cube.common.mx_6.14.0.202502271554
2025-03-10 20:20:58,478 [FATAL] Updater:351 - Updater called before beeing initialized
2025-03-10 20:20:58,479 [ERROR] IntegrityCheckThread:130 - Cannot retrieve database content from updater: error 21
2025-03-10 20:20:58,480 [INFO] ThirdParty:978 - Integrity check success = false
2025-03-10 20:20:58,480 [INFO] IntegrityCheckThread:100 - exiting critical section [integrity check]
2025-03-10 20:20:58,480 [INFO] IntegrityCheckThread:103 - End integrity checks thread
2025-03-10 20:20:59,785 [ERROR] LogOutputStream:75 - [STDERR_REDIRECT] Mar 10, 2025 8:20:59 PM java.util.prefs.WindowsPreferences <init>
2025-03-10 20:20:59,789 [ERROR] LogOutputStream:75 - [STDERR_REDIRECT] WARNING: Could not open/create prefs root node Software\JavaSoft\Prefs at root 0xffffffff80000002. Windows RegCreateKeyEx(...) returned error code 5.
2025-03-10 20:20:59,790 [ERROR] LogOutputStream:75 - [STDERR_REDIRECT] 
2025-03-10 20:21:00,752 [INFO] MainUpdater:2872 - connection check result : 10
2025-03-10 20:21:00,753 [INFO] MainUpdater:3566 - Updater definition file requires update
2025-03-10 20:21:00,756 [INFO] MainUpdater:289 - Updater Check For Update Now.
2025-03-10 20:21:00,757 [INFO] MicroXplorer:498 - Change Database Version : DB.6.0.140
2025-03-10 20:21:00,772 [INFO] McuFinderGlobals:63 - Set McuFinder mode to 2 (CubeIDE integrated)
2025-03-10 20:21:00,772 [INFO] UserAuth:171 - activating auth plugin
2025-03-10 20:21:00,784 [INFO] UserAuth:486 - Internet connection configuration mode: 1
2025-03-10 20:21:00,820 [INFO] JxBrowserEngine:152 - Initiate JxBrowser Engine with user profile folder
2025-03-10 20:21:01,114 [INFO] ServerAccessManage:473 - Download File updaters.zip
2025-03-10 20:21:01,397 [INFO] FileExtend:242 - Unzip File : updaters.zip
2025-03-10 20:21:01,398 [INFO] FileExtend:257 - Standard Zip Deflate
2025-03-10 20:21:03,317 [INFO] ServerAccessManage:473 - Download File PacksControlFlags.xml
2025-03-10 20:21:03,571 [INFO] WebApp:169 - Instantiating new browser for Auth
2025-03-10 20:21:03,764 [INFO] ServerAccessManage:473 - Download File cubemx.pidx
2025-03-10 20:21:07,054 [INFO] WebApp:463 - Apply proxy settings
2025-03-10 20:21:07,055 [INFO] WebApp:548 - Chromium requires no authentication
2025-03-10 20:21:07,082 [INFO] WebApp:491 - Direct internet connection detected
2025-03-10 20:21:07,156 [INFO] WebApp:894 - Register for checkConnection events
2025-03-10 20:21:07,157 [INFO] WebApp:463 - Apply proxy settings
2025-03-10 20:21:07,157 [INFO] WebApp:548 - Chromium requires no authentication
2025-03-10 20:21:07,158 [INFO] WebApp:491 - Direct internet connection detected
2025-03-10 20:21:07,982 [INFO] WebApp:225 - Starting web application
2025-03-10 20:21:07,983 [INFO] WebApp:593 - Web application path used C:\ST\STM32CubeIDE_1.18.0\STM32CubeIDE\plugins\com.st.stm32cube.common.mx_6.14.0.202502271554\db\plugins\mcufinder\reactClient1\index.html
2025-03-10 20:21:08,148 [INFO] ServerAccessManage:473 - Download File STMicroelectronics.X-CUBE-TOUCHGFX.pdsc
2025-03-10 20:21:08,191 [INFO] WebApp:191 - Connection restablished
2025-03-10 20:21:15,799 [WARN] PackLoader:240 - Cannot read IP mode file for STMicroelectronics.X-CUBE-TOUCHGFX.4.25.0
2025-03-10 20:21:15,801 [INFO] PopulateThirdPartyThread:66 - Ending populate Thread
2025-03-10 20:21:15,805 [INFO] ThirdParty:1030 - CMSIS Pack Vendor :STMicroelectronics X-CUBE-TOUCHGFX 4.25.0
2025-03-10 20:21:15,805 [INFO] LoadServerUpdatesThread:375 - End of LoadServerUpdate Thread
2025-03-10 20:21:16,005 [INFO] CheckServerUpdateThread:120 - End of CheckServer Thread
2025-03-10 20:31:37,207 [ERROR] LogOutputStream:75 - [STDERR_REDIRECT] org.eclipse.cdt.managedbuilder.core.BuildException: No toolchain option in toolchain configuration cdt.managedbuild.toolchain.gnu.mingw.exe.debug.1571498200: 
2025-03-10 20:31:37,210 [ERROR] LogOutputStream:75 - [STDERR_REDIRECT] 	at com.st.stm32cube.ide.mcu.toolchain.ToolChainHelper.getToolChainId(ToolChainHelper.java:166)
2025-03-10 20:31:37,212 [ERROR] LogOutputStream:75 - [STDERR_REDIRECT] 	at com.st.stm32cube.ide.mcu.toolchain.ToolChainHelper.getToolChainInfo(ToolChainHelper.java:109)
2025-03-10 20:31:37,218 [ERROR] LogOutputStream:75 - [STDERR_REDIRECT] 	at com.st.stm32cube.ide.mcu.toolchain.ui.unmanaged.ToolSettingsTab.createControls(ToolSettingsTab.java:149)
2025-03-10 20:31:37,221 [ERROR] LogOutputStream:75 - [STDERR_REDIRECT] 	at org.eclipse.cdt.ui.newui.AbstractCPropertyTab.createControls(AbstractCPropertyTab.java:139)
2025-03-10 20:31:37,224 [ERROR] LogOutputStream:75 - [STDERR_REDIRECT] 	at org.eclipse.cdt.ui.newui.AbstractPage.loadTab(AbstractPage.java:1199)
2025-03-10 20:31:37,226 [ERROR] LogOutputStream:75 - [STDERR_REDIRECT] 	at org.eclipse.cdt.ui.newui.AbstractPage.loadExtensionsSynchronized(AbstractPage.java:1143)
2025-03-10 20:31:37,228 [ERROR] LogOutputStream:75 - [STDERR_REDIRECT] 	at org.eclipse.cdt.ui.newui.AbstractPage.createWidgets(AbstractPage.java:373)
2025-03-10 20:31:37,231 [ERROR] LogOutputStream:75 - [STDERR_REDIRECT] 	at org.eclipse.cdt.ui.newui.AbstractPage.contentForCDT(AbstractPage.java:359)
2025-03-10 20:31:37,235 [ERROR] LogOutputStream:75 - [STDERR_REDIRECT] 	at org.eclipse.cdt.ui.newui.AbstractPage.createContents(AbstractPage.java:256)
2025-03-10 20:31:37,238 [ERROR] LogOutputStream:75 - [STDERR_REDIRECT] 	at org.eclipse.jface.preference.PreferencePage.createControl(PreferencePage.java:244)
2025-03-10 20:31:37,240 [ERROR] LogOutputStream:75 - [STDERR_REDIRECT] 	at org.eclipse.jface.preference.PreferenceDialog.createPageControl(PreferenceDialog.java:1433)
2025-03-10 20:31:37,243 [ERROR] LogOutputStream:75 - [STDERR_REDIRECT] 	at org.eclipse.jface.preference.PreferenceDialog$8.run(PreferenceDialog.java:1196)
2025-03-10 20:31:37,245 [ERROR] LogOutputStream:75 - [STDERR_REDIRECT] 	at org.eclipse.core.runtime.SafeRunner.run(SafeRunner.java:47)
2025-03-10 20:31:37,248 [ERROR] LogOutputStream:75 - [STDERR_REDIRECT] 	at org.eclipse.jface.util.SafeRunnable.run(SafeRunnable.java:174)
2025-03-10 20:31:37,251 [ERROR] LogOutputStream:75 - [STDERR_REDIRECT] 	at org.eclipse.jface.preference.PreferenceDialog.showPage(PreferenceDialog.java:1188)
2025-03-10 20:31:37,255 [ERROR] LogOutputStream:75 - [STDERR_REDIRECT] 	at org.eclipse.ui.internal.dialogs.FilteredPreferenceDialog.showPage(FilteredPreferenceDialog.java:618)
2025-03-10 20:31:37,257 [ERROR] LogOutputStream:75 - [STDERR_REDIRECT] 	at org.eclipse.jface.preference.PreferenceDialog$5.lambda$0(PreferenceDialog.java:660)
2025-03-10 20:31:37,259 [ERROR] LogOutputStream:75 - [STDERR_REDIRECT] 	at org.eclipse.swt.custom.BusyIndicator.showWhile(BusyIndicator.java:67)
2025-03-10 20:31:37,261 [ERROR] LogOutputStream:75 - [STDERR_REDIRECT] 	at org.eclipse.jface.preference.PreferenceDialog$5.selectionChanged(PreferenceDialog.java:657)
2025-03-10 20:31:37,264 [ERROR] LogOutputStream:75 - [STDERR_REDIRECT] 	at org.eclipse.jface.viewers.StructuredViewer$3.run(StructuredViewer.java:820)
2025-03-10 20:31:37,290 [ERROR] LogOutputStream:75 - [STDERR_REDIRECT] 	at org.eclipse.core.runtime.SafeRunner.run(SafeRunner.java:47)
2025-03-10 20:31:37,293 [ERROR] LogOutputStream:75 - [STDERR_REDIRECT] 	at org.eclipse.jface.util.SafeRunnable.run(SafeRunnable.java:174)
2025-03-10 20:31:37,296 [ERROR] LogOutputStream:75 - [STDERR_REDIRECT] 	at org.eclipse.jface.viewers.StructuredViewer.firePostSelectionChanged(StructuredViewer.java:817)
2025-03-10 20:31:37,301 [ERROR] LogOutputStream:75 - [STDERR_REDIRECT] 	at org.eclipse.jface.viewers.ColumnViewer.firePostSelectionChanged(ColumnViewer.java:1065)
2025-03-10 20:31:37,304 [ERROR] LogOutputStream:75 - [STDERR_REDIRECT] 	at org.eclipse.jface.viewers.StructuredViewer.handlePostSelect(StructuredViewer.java:1185)
2025-03-10 20:31:37,307 [ERROR] LogOutputStream:75 - [STDERR_REDIRECT] 	at org.eclipse.swt.events.SelectionListener$1.widgetSelected(SelectionListener.java:84)
2025-03-10 20:31:37,310 [ERROR] LogOutputStream:75 - [STDERR_REDIRECT] 	at org.eclipse.jface.util.OpenStrategy.firePostSelectionEvent(OpenStrategy.java:283)
2025-03-10 20:31:37,313 [ERROR] LogOutputStream:75 - [STDERR_REDIRECT] 	at org.eclipse.jface.util.OpenStrategy$1.lambda$1(OpenStrategy.java:437)
2025-03-10 20:31:37,316 [ERROR] LogOutputStream:75 - [STDERR_REDIRECT] 	at org.eclipse.swt.widgets.RunnableLock.run(RunnableLock.java:40)
2025-03-10 20:31:37,319 [ERROR] LogOutputStream:75 - [STDERR_REDIRECT] 	at org.eclipse.swt.widgets.Synchronizer.runAsyncMessages(Synchronizer.java:132)
2025-03-10 20:31:37,321 [ERROR] LogOutputStream:75 - [STDERR_REDIRECT] 	at org.eclipse.swt.widgets.Display.runAsyncMessages(Display.java:4099)
2025-03-10 20:31:37,324 [ERROR] LogOutputStream:75 - [STDERR_REDIRECT] 	at org.eclipse.swt.widgets.Display.readAndDispatch(Display.java:3715)
2025-03-10 20:31:37,327 [ERROR] LogOutputStream:75 - [STDERR_REDIRECT] 	at org.eclipse.jface.window.Window.runEventLoop(Window.java:823)
2025-03-10 20:31:37,329 [ERROR] LogOutputStream:75 - [STDERR_REDIRECT] 	at org.eclipse.jface.window.Window.open(Window.java:799)
2025-03-10 20:31:37,332 [ERROR] LogOutputStream:75 - [STDERR_REDIRECT] 	at org.eclipse.ui.dialogs.PropertyDialogAction.run(PropertyDialogAction.java:154)
2025-03-10 20:31:37,335 [ERROR] LogOutputStream:75 - [STDERR_REDIRECT] 	at org.eclipse.jface.action.Action.runWithEvent(Action.java:474)
2025-03-10 20:31:37,339 [ERROR] LogOutputStream:75 - [STDERR_REDIRECT] 	at org.eclipse.jface.action.ActionContributionItem.handleWidgetSelection(ActionContributionItem.java:581)
2025-03-10 20:31:37,341 [ERROR] LogOutputStream:75 - [STDERR_REDIRECT] 	at org.eclipse.jface.action.ActionContributionItem.lambda$4(ActionContributionItem.java:415)
2025-03-10 20:31:37,344 [ERROR] LogOutputStream:75 - [STDERR_REDIRECT] 	at org.eclipse.swt.widgets.EventTable.sendEvent(EventTable.java:91)
2025-03-10 20:31:37,347 [ERROR] LogOutputStream:75 - [STDERR_REDIRECT] 	at org.eclipse.swt.widgets.Display.sendEvent(Display.java:4326)
2025-03-10 20:31:37,351 [ERROR] LogOutputStream:75 - [STDERR_REDIRECT] 	at org.eclipse.swt.widgets.Widget.sendEvent(Widget.java:1174)
2025-03-10 20:31:37,354 [ERROR] LogOutputStream:75 - [STDERR_REDIRECT] 	at org.eclipse.swt.widgets.Display.runDeferredEvents(Display.java:4124)
2025-03-10 20:31:37,356 [ERROR] LogOutputStream:75 - [STDERR_REDIRECT] 	at org.eclipse.swt.widgets.Display.readAndDispatch(Display.java:3712)
2025-03-10 20:31:37,359 [ERROR] LogOutputStream:75 - [STDERR_REDIRECT] 	at org.eclipse.e4.ui.internal.workbench.swt.PartRenderingEngine$5.run(PartRenderingEngine.java:1151)
2025-03-10 20:31:37,362 [ERROR] LogOutputStream:75 - [STDERR_REDIRECT] 	at org.eclipse.core.databinding.observable.Realm.runWithDefault(Realm.java:339)
2025-03-10 20:31:37,368 [ERROR] LogOutputStream:75 - [STDERR_REDIRECT] 	at org.eclipse.e4.ui.internal.workbench.swt.PartRenderingEngine.run(PartRenderingEngine.java:1042)
2025-03-10 20:31:37,371 [ERROR] LogOutputStream:75 - [STDERR_REDIRECT] 	at org.eclipse.e4.ui.internal.workbench.E4Workbench.createAndRunUI(E4Workbench.java:153)
2025-03-10 20:31:37,373 [ERROR] LogOutputStream:75 - [STDERR_REDIRECT] 	at org.eclipse.ui.internal.Workbench.lambda$3(Workbench.java:639)
2025-03-10 20:31:37,376 [ERROR] LogOutputStream:75 - [STDERR_REDIRECT] 	at org.eclipse.core.databinding.observable.Realm.runWithDefault(Realm.java:339)
2025-03-10 20:31:37,379 [ERROR] LogOutputStream:75 - [STDERR_REDIRECT] 	at org.eclipse.ui.internal.Workbench.createAndRunWorkbench(Workbench.java:546)
2025-03-10 20:31:37,383 [ERROR] LogOutputStream:75 - [STDERR_REDIRECT] 	at org.eclipse.ui.PlatformUI.createAndRunWorkbench(PlatformUI.java:173)
2025-03-10 20:31:37,386 [ERROR] LogOutputStream:75 - [STDERR_REDIRECT] 	at org.eclipse.ui.internal.ide.application.IDEApplication.start(IDEApplication.java:152)
2025-03-10 20:31:37,389 [ERROR] LogOutputStream:75 - [STDERR_REDIRECT] 	at org.eclipse.equinox.internal.app.EclipseAppHandle.run(EclipseAppHandle.java:208)
2025-03-10 20:31:37,393 [ERROR] LogOutputStream:75 - [STDERR_REDIRECT] 	at org.eclipse.core.runtime.internal.adaptor.EclipseAppLauncher.runApplication(EclipseAppLauncher.java:143)
2025-03-10 20:31:37,397 [ERROR] LogOutputStream:75 - [STDERR_REDIRECT] 	at org.eclipse.core.runtime.internal.adaptor.EclipseAppLauncher.start(EclipseAppLauncher.java:109)
2025-03-10 20:31:37,401 [ERROR] LogOutputStream:75 - [STDERR_REDIRECT] 	at org.eclipse.core.runtime.adaptor.EclipseStarter.run(EclipseStarter.java:439)
2025-03-10 20:31:37,404 [ERROR] LogOutputStream:75 - [STDERR_REDIRECT] 	at org.eclipse.core.runtime.adaptor.EclipseStarter.run(EclipseStarter.java:271)
2025-03-10 20:31:37,409 [ERROR] LogOutputStream:75 - [STDERR_REDIRECT] 	at java.base/jdk.internal.reflect.DirectMethodHandleAccessor.invoke(DirectMethodHandleAccessor.java:103)
2025-03-10 20:31:37,411 [ERROR] LogOutputStream:75 - [STDERR_REDIRECT] 	at java.base/java.lang.reflect.Method.invoke(Method.java:580)
2025-03-10 20:31:37,414 [ERROR] LogOutputStream:75 - [STDERR_REDIRECT] 	at org.eclipse.equinox.launcher.Main.invokeFramework(Main.java:668)
2025-03-10 20:31:37,417 [ERROR] LogOutputStream:75 - [STDERR_REDIRECT] 	at org.eclipse.equinox.launcher.Main.basicRun(Main.java:605)
2025-03-10 20:31:37,419 [ERROR] LogOutputStream:75 - [STDERR_REDIRECT] 	at org.eclipse.equinox.launcher.Main.run(Main.java:1481)
